
> atomic-media-cms-backend@1.0.0 start
> node src/server.js

MongoDB connected
CMS API running at http://localhost:5000
[0mGET /api/health [32m200[0m 18.024 ms - 40[0m
[0mGET /api/health [32m200[0m 0.905 ms - 40[0m
[0mGET /api/public/site [32m200[0m 81.725 ms - 42394[0m
[0mPOST /api/public/meetings [32m201[0m 64.135 ms - 43[0m
[0mPOST /api/public/otp/request [32m201[0m 10.492 ms - 82[0m
[0mPOST /api/public/chatbot/conversation [32m201[0m 11.407 ms - 385[0m
[0mPOST /api/public/chatbot/conversation/6a302b42f60fce72c04e54fa/message [32m200[0m 19.151 ms - 867[0m
[0mPOST /api/public/chatbot/conversation/6a302b42f60fce72c04e54fa/qualify [32m201[0m 15.391 ms - 1351[0m
[0mPOST /api/public/analytics/visit [32m201[0m 17.023 ms - 11[0m
[0mGET /api/public/site [32m200[0m 44.754 ms - 42394[0m
[0mGET /api/public/site [36m304[0m 35.887 ms - -[0m
[0mGET /api/public/site [36m304[0m 28.027 ms - -[0m
[0mPOST /api/public/chatbot/conversation [32m201[0m 7.447 ms - 385[0m
[0mPOST /api/public/analytics/visit [32m201[0m 4.343 ms - 11[0m
[0mGET /api/health [32m200[0m 0.534 ms - 40[0m
[0mGET /api/public/site [36m304[0m 30.506 ms - -[0m
[0mGET /api/public/site [36m304[0m 18.601 ms - -[0m
[0mPOST /api/public/chatbot/conversation [32m201[0m 7.185 ms - 385[0m
[0mPOST /api/public/chatbot/conversation/6a302d4af60fce72c04e5547/message [32m200[0m 14.139 ms - 724[0m
[0mPOST /api/public/chatbot/conversation/6a302d4af60fce72c04e5547/message [32m200[0m 8.187 ms - 1055[0m
[0mPOST /api/public/chatbot/conversation/6a302d4af60fce72c04e5547/message [32m200[0m 9.269 ms - 1403[0m
[0mPOST /api/public/chatbot/conversation/6a302d4af60fce72c04e5547/message [32m200[0m 9.095 ms - 1714[0m
[0mPOST /api/public/chatbot/conversation/6a302d4af60fce72c04e5547/message [32m200[0m 11.901 ms - 2028[0m
[0mPOST /api/public/chatbot/conversation/6a302d4af60fce72c04e5547/message [32m200[0m 7.306 ms - 2380[0m
[0mPOST /api/public/chatbot/conversation/6a302d4af60fce72c04e5547/message [32m200[0m 9.122 ms - 2704[0m
[0mPOST /api/public/chatbot/conversation/6a302d4af60fce72c04e5547/qualify [32m201[0m 10.472 ms - 3200[0m
[0mGET / [33m404[0m 0.507 ms - 29[0m
[0mGET /api/health [32m200[0m 0.180 ms - 40[0m
[0mGET /admin [36m301[0m 2.487 ms - 155[0m
[0mGET /admin/ [32m200[0m 3.124 ms - 401[0m
[0mPOST /api/public/analytics/visit [32m201[0m 7.294 ms - 11[0m
[0mGET /api/public/site [36m304[0m 30.453 ms - -[0m
[0mGET /api/public/site [36m304[0m 14.979 ms - -[0m
[0mGET / [33m404[0m 0.412 ms - 29[0m
[0mGET /admin [36m301[0m 0.564 ms - 155[0m
[0mGET /api/health [32m200[0m 0.692 ms - 40[0m
[0mGET /admin/ [32m200[0m 1.198 ms - 401[0m
[0mPOST /api/public/analytics/visit [32m201[0m 14.517 ms - 11[0m
[0mGET /api/public/site [32m200[0m 35.479 ms - 42394[0m
[0mGET /api/public/site [36m304[0m 29.477 ms - -[0m
[0mPOST /api/public/chatbot/conversation [32m201[0m 6.222 ms - 385[0m
[0mPOST /api/public/chatbot/conversation/6a302e3ff60fce72c04e55da/message [32m200[0m 10.692 ms - 716[0m
[0mPOST /api/public/chatbot/conversation/6a302e3ff60fce72c04e55da/message [32m200[0m 11.471 ms - 1051[0m
[0mPOST /api/public/chatbot/conversation/6a302e3ff60fce72c04e55da/message [32m200[0m 20.475 ms - 1399[0m
[0mPOST /api/public/chatbot/conversation/6a302e3ff60fce72c04e55da/message [32m200[0m 19.262 ms - 1722[0m
[0mPOST /api/public/chatbot/conversation/6a302e3ff60fce72c04e55da/message [32m200[0m 23.827 ms - 2036[0m
[0mPOST /api/public/chatbot/conversation/6a302e3ff60fce72c04e55da/message [32m200[0m 13.656 ms - 2392[0m
[0mPOST /api/public/chatbot/conversation/6a302e3ff60fce72c04e55da/message [32m200[0m 10.941 ms - 2716[0m
[0mPOST /api/public/chatbot/conversation/6a302e3ff60fce72c04e55da/qualify [32m201[0m 14.380 ms - 3218[0m
[0mGET /api/public/site [36m304[0m 78.720 ms - -[0m
[0mGET /api/public/site [36m304[0m 12.307 ms - -[0m
[0mPOST /api/public/analytics/visit [32m201[0m 11.818 ms - 11[0m
[0mGET /api/public/site [36m304[0m 9.529 ms - -[0m
[0mGET /api/public/site [36m304[0m 12.420 ms - -[0m
[0mPOST /api/public/analytics/visit [32m201[0m 2.766 ms - 11[0m
[0mGET /api/auth/me [33m401[0m 45.687 ms - 37[0m
[0mGET / [33m404[0m 9.484 ms - 29[0m
[0mGET /favicon.ico [33m404[0m 2.385 ms - 29[0m
[0mPOST /api/public/analytics/visit [32m201[0m 73.991 ms - 11[0m
[0mPOST /api/public/analytics/visit [32m201[0m 3.238 ms - 11[0m
[0mPOST /api/public/analytics/visit [32m201[0m 42.925 ms - 11[0m
[0mGET /api/public/site [32m200[0m 71.900 ms - 42681[0m
[0mGET /api/public/site [36m304[0m 16.221 ms - -[0m
[0mPOST /api/public/analytics/visit [32m201[0m 6.172 ms - 11[0m
[0mGET /api/public/site [36m304[0m 18.736 ms - -[0m
[0mGET /api/public/site [36m304[0m 16.825 ms - -[0m
[0mPOST /api/public/analytics/visit [32m201[0m 8.616 ms - 11[0m
[0mGET /api/public/site [36m304[0m 22.519 ms - -[0m
[0mGET /api/public/site [36m304[0m 16.396 ms - -[0m
[0mGET /api/public/site [36m304[0m 18.871 ms - -[0m
[0mPOST /api/public/analytics/visit [32m201[0m 17.443 ms - 11[0m
[0mGET /api/public/site [36m304[0m 20.605 ms - -[0m
[0mPOST /api/public/analytics/visit [32m201[0m 6.655 ms - 11[0m
[0mGET /api/public/site [36m304[0m 15.294 ms - -[0m
[0mGET /api/public/site [36m304[0m 14.843 ms - -[0m
[0mPOST /api/public/analytics/visit [32m201[0m 6.012 ms - 11[0m
[0mGET /api/public/site [36m304[0m 15.932 ms - -[0m
[0mGET /api/public/site [36m304[0m 20.623 ms - -[0m
[0mPOST /api/public/analytics/visit [32m201[0m 4.997 ms - 11[0m
[0mGET /api/public/site [36m304[0m 12.385 ms - -[0m
[0mGET /api/public/site [36m304[0m 14.827 ms - -[0m
