2026-06-09T11:24:50.073Z 200 GET /about/
2026-06-09T11:26:48.566Z 200 GET /_astro/hoisted.CJiXW_YI.js?v=local-fix-5
2026-06-09T11:26:48.583Z 200 GET /about/
2026-06-09T11:28:15.201Z 200 GET /about/?fresh=local-fix-5
2026-06-09T11:28:15.235Z 200 GET /_astro/about.CNa9RfUh.css?v=local-fix-5
2026-06-09T11:28:15.238Z 200 GET /assets/images/logo/@logo--cocacola.svg
2026-06-09T11:28:15.240Z 200 GET /assets/images/logo/@logo--maxmara.svg
2026-06-09T11:28:15.242Z 200 GET /assets/images/logo/@logo--calvin-klein.svg
2026-06-09T11:28:15.244Z 200 GET /assets/images/logo/@logo--porsche.svg
2026-06-09T11:28:15.248Z 200 GET /_astro/hoisted.CJiXW_YI.js?v=local-fix-5
2026-06-09T11:28:15.252Z 200 GET /assets/images/logo/@logo--wallpaper.svg
2026-06-09T11:28:15.256Z 200 GET /assets/images/logo/@logo--hyundai.svg
2026-06-09T11:28:15.257Z 200 GET /assets/meta/site.webmanifest
2026-06-09T11:28:15.260Z 200 GET /assets/images/logo/@logo--apple.svg
2026-06-09T11:28:15.261Z 200 GET /assets/images/logo/@logo--google.svg
2026-06-09T11:28:15.266Z 200 GET /assets/images/logo/@logo--webby-awards.svg
2026-06-09T11:28:15.269Z 200 GET /assets/images/logo/@logo--stanford.svg
2026-06-09T11:28:15.271Z 200 GET /assets/images/logo/@logo--sony.svg
2026-06-09T11:28:15.272Z 200 GET /assets/images/logo/@logo--awwwards.svg
2026-06-09T11:28:15.275Z 200 GET /assets/images/logo/@logo--nvidia.svg
2026-06-09T11:28:15.276Z 200 GET /assets/images/logo/@logo--akqa.svg
2026-06-09T11:28:15.278Z 200 GET /assets/images/logo/@logo--nexus-studios.svg
2026-06-09T11:28:15.280Z 200 GET /assets/images/cards/back.png
2026-06-09T11:28:15.282Z 200 GET /assets/images/icons/arrow-down.svg
2026-06-09T11:28:15.441Z 200 GET /assets/fonts/Aeonik-Regular.woff2
2026-06-09T11:28:15.444Z 200 GET /assets/fonts/Aeonik-Medium.woff2
2026-06-09T11:28:15.446Z 200 GET /assets/fonts/Aeonik-RegularItalic.woff2
2026-06-09T11:28:15.447Z 200 GET /assets/fonts/IBMPlexMono-Regular.woff2
2026-06-09T11:28:15.450Z 200 GET /assets/fonts/LusionMono.woff2
2026-06-09T11:28:15.468Z 404 GET /assets/fonts/Aeonik-Regular.woff
2026-06-09T11:28:15.473Z 404 GET /assets/fonts/Aeonik-Medium.woff
2026-06-09T11:28:15.477Z 404 GET /assets/fonts/Aeonik-RegularItalic.woff
2026-06-09T11:28:15.479Z 404 GET /assets/fonts/IBMPlexMono-Regular.woff
2026-06-09T11:28:15.481Z 404 GET /assets/fonts/LusionMono.woff
2026-06-09T11:30:31.411Z 200 GET /about/?fresh=local-fix-6
2026-06-09T11:30:31.440Z 200 GET /_astro/about.CNa9RfUh.css?v=local-fix-6
2026-06-09T11:30:31.443Z 200 GET /assets/images/logo/@logo--cocacola.svg
2026-06-09T11:30:31.444Z 200 GET /assets/images/logo/@logo--maxmara.svg
2026-06-09T11:30:31.447Z 200 GET /_astro/hoisted.CJiXW_YI.js?v=local-fix-6
2026-06-09T11:30:31.449Z 200 GET /assets/images/logo/@logo--calvin-klein.svg
2026-06-09T11:30:31.452Z 200 GET /assets/images/logo/@logo--porsche.svg
2026-06-09T11:30:31.453Z 200 GET /assets/images/logo/@logo--hyundai.svg
2026-06-09T11:30:31.455Z 200 GET /assets/images/logo/@logo--wallpaper.svg
2026-06-09T11:30:31.457Z 200 GET /assets/images/logo/@logo--webby-awards.svg
2026-06-09T11:30:31.458Z 200 GET /assets/images/logo/@logo--apple.svg
2026-06-09T11:30:31.459Z 200 GET /assets/images/logo/@logo--google.svg
2026-06-09T11:30:31.461Z 200 GET /assets/images/logo/@logo--stanford.svg
2026-06-09T11:30:31.462Z 200 GET /assets/images/logo/@logo--sony.svg
2026-06-09T11:30:31.469Z 200 GET /assets/images/logo/@logo--awwwards.svg
2026-06-09T11:30:31.471Z 200 GET /assets/images/logo/@logo--nvidia.svg
2026-06-09T11:30:31.472Z 200 GET /assets/images/logo/@logo--akqa.svg
2026-06-09T11:30:31.473Z 200 GET /assets/images/logo/@logo--nexus-studios.svg
2026-06-09T11:30:31.501Z 200 GET /assets/fonts/Aeonik-Medium.woff2
2026-06-09T11:30:31.511Z 200 GET /assets/fonts/Aeonik-Regular.woff2
2026-06-09T11:30:31.521Z 404 GET /assets/fonts/Aeonik-Medium.woff
2026-06-09T11:30:31.526Z 200 GET /assets/images/cards/back.png
2026-06-09T11:30:31.528Z 200 GET /assets/images/icons/arrow-down.svg
2026-06-09T11:30:31.661Z 404 GET /assets/fonts/Aeonik-Regular.woff
2026-06-09T11:30:31.664Z 200 GET /assets/fonts/Aeonik-RegularItalic.woff2
2026-06-09T11:30:31.665Z 200 GET /assets/fonts/IBMPlexMono-Regular.woff2
2026-06-09T11:30:31.667Z 200 GET /assets/fonts/LusionMono.woff2
2026-06-09T11:30:31.669Z 200 GET /assets/meta/site.webmanifest
2026-06-09T11:30:31.678Z 404 GET /assets/fonts/Aeonik-RegularItalic.woff
2026-06-09T11:30:31.680Z 404 GET /assets/fonts/IBMPlexMono-Regular.woff
2026-06-09T11:30:31.681Z 404 GET /assets/fonts/LusionMono.woff
2026-06-09T11:30:32.089Z 200 GET /assets/audios/cinematic_0.ogg
2026-06-09T11:30:32.091Z 200 GET /assets/audios/generic.ogg
2026-06-09T11:30:32.092Z 200 GET /assets/audios/cinematic_2.ogg
2026-06-09T11:30:32.095Z 200 GET /assets/audios/cinematic_3.ogg
2026-06-09T11:30:32.096Z 200 GET /assets/audios/generic_end.ogg
2026-06-09T11:30:32.140Z 200 GET /assets/models/about/logo_text.buf
2026-06-09T11:30:32.142Z 200 GET /assets/textures/about/person.webp
2026-06-09T11:30:32.144Z 200 GET /assets/textures/about/person_light.webp
2026-06-09T11:30:32.145Z 200 GET /assets/textures/about/ground_person_shadow.webp
2026-06-09T11:30:32.147Z 200 GET /assets/textures/smaa-search.png
2026-06-09T11:30:32.149Z 200 GET /assets/textures/about/terrain_shadow_light_height.webp
2026-06-09T11:30:32.151Z 200 GET /assets/textures/smaa-area.png
2026-06-09T11:30:32.153Z 200 GET /assets/textures/LDR_RGB1_0.png
2026-06-09T11:30:32.227Z 200 GET /assets/team/team.json
2026-06-09T11:30:32.228Z 200 GET /assets/team/edan.buf
2026-06-09T11:30:32.230Z 200 GET /assets/textures/font.png
2026-06-09T11:30:32.235Z 200 GET /assets/models/about/camera_spline.buf
2026-06-09T11:30:32.248Z 404 GET /assets/models/about/sphere_l.buf
2026-06-09T11:30:32.256Z 200 GET /assets/models/about/sphere_m.buf
2026-06-09T11:30:32.257Z 200 GET /assets/models/about/sphere_s.buf
2026-06-09T11:30:32.263Z 200 GET /assets/models/about/sphere_xs.buf
2026-06-09T11:30:32.273Z 200 GET /assets/textures/about/rocks.webp
2026-06-09T11:30:32.274Z 200 GET /assets/models/about/rock_0.buf
2026-06-09T11:30:32.277Z 200 GET /assets/models/about/rock_0_low.buf
2026-06-09T11:30:32.306Z 200 GET /assets/models/about/rock_animation_0.buf
2026-06-09T11:30:32.309Z 200 GET /assets/models/about/rock_1.buf
2026-06-09T11:30:32.315Z 200 GET /assets/models/about/rock_1_low.buf
2026-06-09T11:30:32.318Z 200 GET /assets/models/about/rock_animation_1.buf
2026-06-09T11:30:32.324Z 200 GET /assets/models/about/rock_2_low.buf
2026-06-09T11:30:32.326Z 200 GET /assets/models/about/rock_2.buf
2026-06-09T11:30:32.330Z 200 GET /assets/models/about/rock_animation_2.buf
2026-06-09T11:30:32.331Z 200 GET /assets/models/about/rock_3.buf
2026-06-09T11:30:32.335Z 200 GET /assets/models/about/rock_3_low.buf
2026-06-09T11:30:32.342Z 200 GET /assets/models/about/rock_animation_3.buf
2026-06-09T11:30:32.344Z 200 GET /assets/models/about/terrain_lines.buf
2026-06-09T11:30:32.345Z 200 GET /assets/models/about/terrain.buf
2026-06-09T11:30:32.347Z 200 GET /assets/models/about/person.buf
2026-06-09T11:30:32.360Z 200 GET /assets/models/about/person_idle.buf
2026-06-09T11:30:32.369Z 200 GET /assets/textures/about/fog.png
2026-06-09T11:30:32.371Z 200 GET /assets/models/about/bg_box.buf
2026-06-09T11:30:32.377Z 200 GET /assets/models/about/letter_placements.buf
2026-06-09T11:30:32.378Z 200 GET /assets/textures/award_gradient.png
2026-06-09T11:30:32.381Z 200 GET /assets/models/lines/line_capability.buf
2026-06-09T11:30:32.386Z 200 GET /assets/models/lines/line_office.buf
2026-06-09T11:30:32.387Z 200 GET /assets/textures/flip_texture.png
2026-06-09T11:30:32.391Z 200 GET /assets/audios/hover_0.ogg
2026-06-09T11:30:32.393Z 200 GET /assets/audios/click_0.ogg
2026-06-09T11:30:32.394Z 200 GET /assets/audios/focus_0.ogg
2026-06-09T11:30:32.397Z 200 GET /assets/audios/glass_broken.ogg
2026-06-09T11:30:32.401Z 200 GET /assets/audios/page_0.ogg
2026-06-09T11:30:32.402Z 200 GET /assets/audios/page_1.ogg
2026-06-09T11:30:32.405Z 200 GET /assets/audios/focus_1.ogg
2026-06-09T11:30:32.407Z 200 GET /assets/audios/focus_2.ogg
2026-06-09T11:30:32.408Z 200 GET /assets/audios/click_1.ogg
2026-06-09T11:30:32.411Z 200 GET /assets/audios/hover_1.ogg
2026-06-09T11:30:32.413Z 200 GET /assets/audios/hover_2.ogg
2026-06-09T11:31:32.710Z 200 GET /about/?fresh=local-fix-7
2026-06-09T11:31:32.743Z 200 GET /_astro/about.CNa9RfUh.css?v=local-fix-6
2026-06-09T11:31:32.750Z 200 GET /_astro/hoisted.CJiXW_YI.js?v=local-fix-6
2026-06-09T11:31:32.752Z 200 GET /assets/images/logo/@logo--cocacola.svg
2026-06-09T11:31:32.754Z 200 GET /assets/images/logo/@logo--maxmara.svg
2026-06-09T11:31:32.759Z 200 GET /assets/images/logo/@logo--porsche.svg
2026-06-09T11:31:32.760Z 200 GET /assets/images/logo/@logo--calvin-klein.svg
2026-06-09T11:31:32.762Z 200 GET /assets/images/logo/@logo--wallpaper.svg
2026-06-09T11:31:32.766Z 200 GET /assets/images/logo/@logo--hyundai.svg
2026-06-09T11:31:32.769Z 200 GET /assets/images/logo/@logo--webby-awards.svg
2026-06-09T11:31:32.770Z 200 GET /assets/images/logo/@logo--apple.svg
2026-06-09T11:31:32.772Z 200 GET /assets/images/logo/@logo--google.svg
2026-06-09T11:31:32.773Z 200 GET /assets/images/logo/@logo--stanford.svg
2026-06-09T11:31:32.777Z 200 GET /assets/images/logo/@logo--sony.svg
2026-06-09T11:31:32.782Z 200 GET /assets/images/logo/@logo--awwwards.svg
2026-06-09T11:31:32.784Z 200 GET /assets/images/logo/@logo--nexus-studios.svg
2026-06-09T11:31:32.786Z 200 GET /assets/images/logo/@logo--nvidia.svg
2026-06-09T11:31:32.788Z 200 GET /assets/images/logo/@logo--akqa.svg
2026-06-09T11:31:32.799Z 200 GET /assets/fonts/Aeonik-Regular.woff2
2026-06-09T11:31:32.809Z 200 GET /assets/meta/site.webmanifest
2026-06-09T11:31:32.821Z 200 GET /assets/images/icons/arrow-down.svg
2026-06-09T11:31:32.822Z 200 GET /assets/images/cards/back.png
2026-06-09T11:31:32.956Z 404 GET /assets/fonts/Aeonik-Regular.woff
2026-06-09T11:31:32.961Z 200 GET /assets/fonts/Aeonik-RegularItalic.woff2
2026-06-09T11:31:32.962Z 200 GET /assets/fonts/IBMPlexMono-Regular.woff2
2026-06-09T11:31:32.964Z 200 GET /assets/fonts/Aeonik-Medium.woff2
2026-06-09T11:31:32.965Z 200 GET /assets/fonts/LusionMono.woff2
2026-06-09T11:31:32.980Z 404 GET /assets/fonts/Aeonik-RegularItalic.woff
2026-06-09T11:31:32.982Z 404 GET /assets/fonts/IBMPlexMono-Regular.woff
2026-06-09T11:31:33.221Z 200 GET /assets/audios/cinematic_2.ogg
2026-06-09T11:31:33.224Z 200 GET /assets/audios/cinematic_0.ogg
2026-06-09T11:31:33.226Z 200 GET /assets/audios/generic.ogg
2026-06-09T11:31:33.228Z 200 GET /assets/audios/cinematic_3.ogg
2026-06-09T11:31:33.231Z 200 GET /assets/audios/generic_end.ogg
2026-06-09T11:31:33.317Z 200 GET /assets/models/about/logo_text.buf
2026-06-09T11:31:33.320Z 200 GET /assets/textures/about/person_light.webp
2026-06-09T11:31:33.322Z 200 GET /assets/textures/about/ground_person_shadow.webp
2026-06-09T11:31:33.324Z 200 GET /assets/textures/about/person.webp
2026-06-09T11:31:33.326Z 200 GET /assets/textures/about/terrain_shadow_light_height.webp
2026-06-09T11:31:33.329Z 200 GET /assets/textures/smaa-search.png
2026-06-09T11:31:33.332Z 404 GET /assets/fonts/Aeonik-Medium.woff
2026-06-09T11:31:33.335Z 404 GET /assets/fonts/LusionMono.woff
2026-06-09T11:31:33.337Z 200 GET /assets/textures/smaa-area.png
2026-06-09T11:31:33.339Z 200 GET /assets/textures/LDR_RGB1_0.png
2026-06-09T11:31:33.433Z 200 GET /assets/team/team.json
2026-06-09T11:31:33.435Z 200 GET /assets/textures/font.png
2026-06-09T11:31:33.437Z 200 GET /assets/team/edan.buf
2026-06-09T11:31:33.442Z 200 GET /assets/models/about/camera_spline.buf
2026-06-09T11:31:33.453Z 200 GET /assets/models/about/sphere_l.buf
2026-06-09T11:31:33.462Z 200 GET /assets/models/about/sphere_m.buf
2026-06-09T11:31:33.471Z 200 GET /assets/models/about/sphere_s.buf
2026-06-09T11:31:33.475Z 200 GET /assets/models/about/sphere_xs.buf
2026-06-09T11:31:33.486Z 200 GET /assets/textures/about/rocks.webp
2026-06-09T11:31:33.489Z 200 GET /assets/models/about/rock_0.buf
2026-06-09T11:31:33.493Z 200 GET /assets/models/about/rock_0_low.buf
2026-06-09T11:31:33.500Z 200 GET /assets/models/about/rock_animation_0.buf
2026-06-09T11:31:33.534Z 200 GET /assets/models/about/rock_1.buf
2026-06-09T11:31:33.537Z 200 GET /assets/models/about/rock_1_low.buf
2026-06-09T11:31:33.544Z 200 GET /assets/models/about/rock_animation_1.buf
2026-06-09T11:31:33.551Z 200 GET /assets/models/about/rock_2_low.buf
2026-06-09T11:31:33.553Z 200 GET /assets/models/about/rock_2.buf
2026-06-09T11:31:33.558Z 200 GET /assets/models/about/rock_animation_2.buf
2026-06-09T11:31:33.562Z 200 GET /assets/models/about/rock_3.buf
2026-06-09T11:31:33.567Z 200 GET /assets/models/about/rock_3_low.buf
2026-06-09T11:31:33.572Z 200 GET /assets/models/about/rock_animation_3.buf
2026-06-09T11:31:33.575Z 200 GET /assets/models/about/terrain.buf
2026-06-09T11:31:33.580Z 200 GET /assets/models/about/terrain_lines.buf
2026-06-09T11:31:33.584Z 200 GET /assets/models/about/person.buf
2026-06-09T11:31:33.591Z 200 GET /assets/models/about/person_idle.buf
2026-06-09T11:31:33.605Z 200 GET /assets/textures/about/fog.png
2026-06-09T11:31:33.630Z 200 GET /assets/models/about/bg_box.buf
2026-06-09T11:31:33.638Z 200 GET /assets/models/about/letter_placements.buf
2026-06-09T11:31:33.641Z 200 GET /assets/textures/award_gradient.png
2026-06-09T11:31:33.645Z 200 GET /assets/models/lines/line_capability.buf
2026-06-09T11:31:33.648Z 200 GET /assets/models/lines/line_office.buf
2026-06-09T11:31:33.650Z 200 GET /assets/textures/flip_texture.png
2026-06-09T11:31:33.654Z 200 GET /assets/audios/hover_0.ogg
2026-06-09T11:31:33.656Z 200 GET /assets/audios/click_0.ogg
2026-06-09T11:31:33.658Z 200 GET /assets/audios/focus_0.ogg
2026-06-09T11:31:33.662Z 200 GET /assets/audios/glass_broken.ogg
2026-06-09T11:31:33.664Z 200 GET /assets/audios/page_0.ogg
2026-06-09T11:31:33.670Z 200 GET /assets/audios/page_1.ogg
2026-06-09T11:31:33.671Z 200 GET /assets/audios/focus_1.ogg
2026-06-09T11:31:33.674Z 200 GET /assets/audios/focus_2.ogg
2026-06-09T11:31:33.676Z 200 GET /assets/audios/click_1.ogg
2026-06-09T11:31:33.678Z 200 GET /assets/audios/hover_1.ogg
2026-06-09T11:31:33.680Z 200 GET /assets/audios/hover_2.ogg
2026-06-09T11:31:35.859Z 200 GET /assets/team/ffi.buf
2026-06-09T11:31:35.863Z 200 GET /assets/team/andrii.buf
2026-06-09T11:31:35.866Z 200 GET /assets/team/marcolp.buf
2026-06-09T11:31:35.867Z 200 GET /assets/team/paul.buf
2026-06-09T11:31:35.874Z 200 GET /assets/team/luana.buf
2026-06-09T11:31:35.876Z 200 GET /assets/team/sunny.buf
2026-06-09T11:32:18.579Z 200 GET /assets/audios/generic.ogg
2026-06-09T11:32:18.601Z 200 GET /assets/audios/cinematic_0.ogg
2026-06-09T11:32:18.615Z 200 GET /assets/audios/cinematic_2.ogg
2026-06-09T11:32:18.621Z 200 GET /assets/audios/cinematic_3.ogg
2026-06-09T11:32:18.624Z 200 GET /assets/audios/generic_end.ogg
2026-06-09T11:32:18.669Z 200 GET /assets/meta/apple-touch-icon.png
2026-06-09T11:34:07.154Z 200 GET /about/?fresh=local-fix-8
2026-06-09T11:34:07.181Z 200 GET /_astro/about.CNa9RfUh.css?v=local-fix-8
2026-06-09T11:34:07.186Z 200 GET /assets/images/logo/@logo--cocacola.svg
2026-06-09T11:34:07.188Z 200 GET /assets/images/logo/@logo--maxmara.svg
2026-06-09T11:34:07.192Z 200 GET /assets/images/logo/@logo--calvin-klein.svg
2026-06-09T11:34:07.193Z 200 GET /assets/images/logo/@logo--porsche.svg
2026-06-09T11:34:07.195Z 200 GET /_astro/hoisted.CJiXW_YI.js?v=local-fix-8
2026-06-09T11:34:07.198Z 200 GET /assets/images/logo/@logo--wallpaper.svg
2026-06-09T11:34:07.201Z 200 GET /assets/images/logo/@logo--hyundai.svg
2026-06-09T11:34:07.203Z 200 GET /assets/images/logo/@logo--google.svg
2026-06-09T11:34:07.205Z 200 GET /assets/images/logo/@logo--apple.svg
2026-06-09T11:34:07.206Z 200 GET /assets/images/logo/@logo--webby-awards.svg
2026-06-09T11:34:07.208Z 200 GET /assets/images/logo/@logo--stanford.svg
2026-06-09T11:34:07.210Z 200 GET /assets/images/logo/@logo--sony.svg
2026-06-09T11:34:07.240Z 200 GET /assets/images/logo/@logo--awwwards.svg
2026-06-09T11:34:07.243Z 200 GET /assets/images/logo/@logo--nvidia.svg
2026-06-09T11:34:07.245Z 200 GET /assets/images/logo/@logo--akqa.svg
2026-06-09T11:34:07.247Z 200 GET /assets/images/cards/back.png
2026-06-09T11:34:07.249Z 200 GET /assets/images/logo/@logo--nexus-studios.svg
2026-06-09T11:34:07.251Z 200 GET /assets/images/icons/arrow-down.svg
2026-06-09T11:34:07.569Z 200 GET /assets/meta/site.webmanifest
2026-06-09T11:34:07.865Z 200 GET /assets/audios/generic.ogg
2026-06-09T11:34:07.867Z 200 GET /assets/audios/cinematic_0.ogg
2026-06-09T11:34:07.869Z 200 GET /assets/audios/cinematic_2.ogg
2026-06-09T11:34:07.871Z 200 GET /assets/audios/cinematic_3.ogg
2026-06-09T11:34:07.874Z 200 GET /assets/audios/generic_end.ogg
2026-06-09T11:34:07.957Z 200 GET /assets/models/about/logo_text.buf
2026-06-09T11:34:07.961Z 200 GET /assets/textures/about/person_light.webp
2026-06-09T11:34:07.963Z 200 GET /assets/textures/about/person.webp
2026-06-09T11:34:07.966Z 200 GET /assets/textures/about/terrain_shadow_light_height.webp
2026-06-09T11:34:07.969Z 200 GET /assets/textures/about/ground_person_shadow.webp
2026-06-09T11:34:07.971Z 200 GET /assets/textures/smaa-search.png
2026-06-09T11:34:07.973Z 200 GET /assets/textures/smaa-area.png
2026-06-09T11:34:07.976Z 200 GET /assets/textures/LDR_RGB1_0.png
2026-06-09T11:34:08.056Z 200 GET /assets/team/team.json
2026-06-09T11:34:08.059Z 200 GET /assets/team/edan.buf
2026-06-09T11:34:08.061Z 200 GET /assets/textures/font.png
2026-06-09T11:34:08.066Z 200 GET /assets/models/about/camera_spline.buf
2026-06-09T11:34:08.078Z 200 GET /assets/models/about/sphere_l.buf
2026-06-09T11:34:08.086Z 200 GET /assets/models/about/sphere_m.buf
2026-06-09T11:34:08.093Z 200 GET /assets/models/about/sphere_s.buf
2026-06-09T11:34:08.101Z 200 GET /assets/models/about/sphere_xs.buf
2026-06-09T11:34:08.109Z 200 GET /assets/textures/about/rocks.webp
2026-06-09T11:34:08.111Z 200 GET /assets/models/about/rock_0.buf
2026-06-09T11:34:08.114Z 200 GET /assets/models/about/rock_0_low.buf
2026-06-09T11:34:08.120Z 200 GET /assets/models/about/rock_animation_0.buf
2026-06-09T11:34:08.133Z 200 GET /assets/models/about/rock_1.buf
2026-06-09T11:34:08.137Z 200 GET /assets/models/about/rock_1_low.buf
2026-06-09T11:34:08.167Z 200 GET /assets/models/about/rock_animation_1.buf
2026-06-09T11:34:08.170Z 200 GET /assets/models/about/rock_2.buf
2026-06-09T11:34:08.177Z 200 GET /assets/models/about/rock_2_low.buf
2026-06-09T11:34:08.180Z 200 GET /assets/models/about/rock_animation_2.buf
2026-06-09T11:34:08.187Z 200 GET /assets/models/about/rock_3.buf
2026-06-09T11:34:08.190Z 200 GET /assets/models/about/rock_3_low.buf
2026-06-09T11:34:08.194Z 200 GET /assets/models/about/rock_animation_3.buf
2026-06-09T11:34:08.199Z 200 GET /assets/models/about/terrain_lines.buf
2026-06-09T11:34:08.201Z 200 GET /assets/models/about/terrain.buf
2026-06-09T11:34:08.206Z 200 GET /assets/models/about/person.buf
2026-06-09T11:34:08.208Z 200 GET /assets/models/about/person_idle.buf
2026-06-09T11:34:08.222Z 200 GET /assets/textures/about/fog.png
2026-06-09T11:34:08.231Z 200 GET /assets/models/about/bg_box.buf
2026-06-09T11:34:08.239Z 200 GET /assets/models/about/letter_placements.buf
2026-06-09T11:34:08.249Z 200 GET /assets/textures/award_gradient.png
2026-06-09T11:34:08.251Z 200 GET /assets/models/lines/line_office.buf
2026-06-09T11:34:08.253Z 200 GET /assets/models/lines/line_capability.buf
2026-06-09T11:34:08.256Z 200 GET /assets/textures/flip_texture.png
2026-06-09T11:34:08.260Z 200 GET /assets/audios/hover_0.ogg
2026-06-09T11:34:08.262Z 200 GET /assets/audios/click_0.ogg
2026-06-09T11:34:08.264Z 200 GET /assets/audios/focus_0.ogg
2026-06-09T11:34:08.267Z 200 GET /assets/audios/page_0.ogg
2026-06-09T11:34:08.269Z 200 GET /assets/audios/glass_broken.ogg
2026-06-09T11:34:08.272Z 200 GET /assets/audios/page_1.ogg
2026-06-09T11:34:08.274Z 200 GET /assets/audios/focus_1.ogg
2026-06-09T11:34:08.277Z 200 GET /assets/audios/focus_2.ogg
2026-06-09T11:34:08.279Z 200 GET /assets/audios/click_1.ogg
2026-06-09T11:34:08.284Z 200 GET /assets/audios/hover_2.ogg
2026-06-09T11:34:08.285Z 200 GET /assets/audios/hover_1.ogg
2026-06-09T11:34:10.411Z 200 GET /assets/team/ffi.buf
2026-06-09T11:34:10.412Z 200 GET /assets/team/marcolp.buf
2026-06-09T11:34:10.415Z 200 GET /assets/team/paul.buf
2026-06-09T11:34:10.417Z 200 GET /assets/team/andrii.buf
2026-06-09T11:34:10.419Z 200 GET /assets/team/sunny.buf
2026-06-09T11:34:10.421Z 200 GET /assets/team/luana.buf
2026-06-09T11:35:07.699Z 200 GET /about/?fresh=local-fix-8-headless
2026-06-09T11:35:07.713Z 200 GET /_astro/about.CNa9RfUh.css?v=local-fix-8
2026-06-09T11:35:07.715Z 200 GET /_astro/hoisted.CJiXW_YI.js?v=local-fix-8
2026-06-09T11:35:07.717Z 200 GET /assets/images/logo/@logo--maxmara.svg
2026-06-09T11:35:07.718Z 200 GET /assets/images/logo/@logo--cocacola.svg
2026-06-09T11:35:07.720Z 200 GET /assets/images/logo/@logo--calvin-klein.svg
2026-06-09T11:35:07.726Z 200 GET /assets/images/logo/@logo--porsche.svg
2026-06-09T11:35:07.727Z 200 GET /assets/images/logo/@logo--hyundai.svg
2026-06-09T11:35:07.727Z 200 GET /assets/images/logo/@logo--wallpaper.svg
2026-06-09T11:35:07.729Z 200 GET /assets/images/logo/@logo--google.svg
2026-06-09T11:35:07.730Z 200 GET /assets/images/logo/@logo--apple.svg
2026-06-09T11:35:07.731Z 200 GET /assets/images/logo/@logo--webby-awards.svg
2026-06-09T11:35:07.733Z 200 GET /assets/images/logo/@logo--stanford.svg
2026-06-09T11:35:07.734Z 200 GET /assets/images/logo/@logo--sony.svg
2026-06-09T11:35:07.735Z 200 GET /assets/images/logo/@logo--awwwards.svg
2026-06-09T11:35:07.736Z 200 GET /assets/images/logo/@logo--nvidia.svg
2026-06-09T11:35:07.737Z 200 GET /assets/images/logo/@logo--akqa.svg
2026-06-09T11:35:07.738Z 200 GET /assets/images/logo/@logo--nexus-studios.svg
2026-06-09T11:35:07.739Z 200 GET /assets/meta/site.webmanifest
2026-06-09T11:35:07.745Z 200 GET /assets/images/icons/arrow-down.svg
2026-06-09T11:35:07.746Z 200 GET /assets/images/cards/back.png
2026-06-09T11:35:08.333Z 200 GET /assets/audios/cinematic_0.ogg
2026-06-09T11:35:08.334Z 200 GET /assets/audios/cinematic_2.ogg
2026-06-09T11:35:08.335Z 200 GET /assets/audios/generic.ogg
2026-06-09T11:35:08.338Z 200 GET /assets/audios/cinematic_3.ogg
2026-06-09T11:35:08.339Z 200 GET /assets/audios/generic_end.ogg
2026-06-09T11:35:08.412Z 200 GET /assets/models/about/logo_text.buf
2026-06-09T11:35:08.415Z 200 GET /assets/textures/about/terrain_shadow_light_height.webp
2026-06-09T11:35:08.417Z 200 GET /assets/textures/about/person_light.webp
2026-06-09T11:35:08.419Z 200 GET /assets/textures/about/person.webp
2026-06-09T11:35:08.420Z 200 GET /assets/textures/smaa-search.png
2026-06-09T11:35:08.421Z 200 GET /assets/textures/about/ground_person_shadow.webp
2026-06-09T11:35:08.425Z 200 GET /assets/textures/smaa-area.png
2026-06-09T11:35:08.428Z 200 GET /assets/textures/LDR_RGB1_0.png
2026-06-09T11:35:08.538Z 200 GET /assets/team/team.json
2026-06-09T11:35:08.577Z 200 GET /assets/textures/font.png
2026-06-09T11:35:08.579Z 200 GET /assets/team/edan.buf
2026-06-09T11:35:08.580Z 200 GET /assets/models/about/camera_spline.buf
2026-06-09T11:35:08.581Z 200 GET /assets/models/about/sphere_m.buf
2026-06-09T11:35:08.592Z 200 GET /assets/models/about/sphere_s.buf
2026-06-09T11:35:08.596Z 200 GET /assets/models/about/sphere_xs.buf
2026-06-09T11:35:08.598Z 200 GET /assets/textures/about/rocks.webp
2026-06-09T11:35:08.599Z 200 GET /assets/models/about/rock_0.buf
2026-06-09T11:35:08.605Z 200 GET /assets/models/about/rock_0_low.buf
2026-06-09T11:35:08.607Z 200 GET /assets/models/about/rock_animation_0.buf
2026-06-09T11:35:08.613Z 200 GET /assets/models/about/rock_1.buf
2026-06-09T11:35:08.645Z 200 GET /assets/models/about/rock_1_low.buf
2026-06-09T11:35:08.650Z 200 GET /assets/models/about/rock_animation_1.buf
2026-06-09T11:35:08.653Z 200 GET /assets/models/about/rock_2.buf
2026-06-09T11:35:08.655Z 200 GET /assets/models/about/rock_2_low.buf
2026-06-09T11:35:08.657Z 200 GET /assets/models/about/rock_animation_2.buf
2026-06-09T11:35:08.662Z 200 GET /assets/models/about/rock_3.buf
2026-06-09T11:35:08.664Z 200 GET /assets/models/about/rock_3_low.buf
2026-06-09T11:35:08.666Z 200 GET /assets/models/about/rock_animation_3.buf
2026-06-09T11:35:08.667Z 200 GET /assets/models/about/terrain.buf
2026-06-09T11:35:08.671Z 200 GET /assets/models/about/terrain_lines.buf
2026-06-09T11:35:08.673Z 200 GET /assets/models/about/person.buf
2026-06-09T11:35:08.677Z 200 GET /assets/models/about/person_idle.buf
2026-06-09T11:35:08.682Z 200 GET /assets/textures/about/fog.png
2026-06-09T11:35:08.700Z 200 GET /assets/models/about/bg_box.buf
2026-06-09T11:35:08.703Z 200 GET /assets/models/about/letter_placements.buf
2026-06-09T11:35:08.707Z 200 GET /assets/textures/award_gradient.png
2026-06-09T11:35:08.710Z 200 GET /assets/models/lines/line_capability.buf
2026-06-09T11:35:08.715Z 200 GET /assets/models/lines/line_office.buf
2026-06-09T11:35:08.716Z 200 GET /assets/textures/flip_texture.png
2026-06-09T11:35:08.722Z 200 GET /assets/audios/hover_0.ogg
2026-06-09T11:35:08.725Z 200 GET /assets/audios/click_0.ogg
2026-06-09T11:35:08.726Z 200 GET /assets/audios/focus_0.ogg
2026-06-09T11:35:08.727Z 200 GET /assets/audios/glass_broken.ogg
2026-06-09T11:35:08.730Z 200 GET /assets/audios/page_0.ogg
2026-06-09T11:35:08.732Z 200 GET /assets/audios/page_1.ogg
2026-06-09T11:35:08.733Z 200 GET /assets/audios/focus_1.ogg
2026-06-09T11:35:08.752Z 200 GET /assets/audios/focus_2.ogg
2026-06-09T11:35:08.754Z 200 GET /assets/audios/click_1.ogg
2026-06-09T11:35:08.759Z 200 GET /assets/audios/hover_1.ogg
2026-06-09T11:35:08.760Z 200 GET /assets/audios/hover_2.ogg
2026-06-09T11:35:08.853Z 200 GET /assets/meta/favicon.ico
2026-06-09T11:37:13.208Z 200 GET /about/?fresh=local-fix-9-headless
2026-06-09T11:37:13.225Z 200 GET /_astro/about.CNa9RfUh.css?v=local-fix-9
2026-06-09T11:37:13.228Z 200 GET /_astro/hoisted.CJiXW_YI.js?v=local-fix-9
2026-06-09T11:37:13.230Z 200 GET /assets/images/logo/@logo--cocacola.svg
2026-06-09T11:37:13.231Z 200 GET /assets/images/logo/@logo--maxmara.svg
2026-06-09T11:37:13.234Z 200 GET /assets/images/logo/@logo--calvin-klein.svg
2026-06-09T11:37:13.236Z 200 GET /assets/images/logo/@logo--wallpaper.svg
2026-06-09T11:37:13.237Z 200 GET /assets/images/logo/@logo--porsche.svg
2026-06-09T11:37:13.239Z 200 GET /assets/images/logo/@logo--hyundai.svg
2026-06-09T11:37:13.240Z 200 GET /assets/images/logo/@logo--google.svg
2026-06-09T11:37:13.242Z 200 GET /assets/images/logo/@logo--apple.svg
2026-06-09T11:37:13.243Z 200 GET /assets/images/logo/@logo--webby-awards.svg
2026-06-09T11:37:13.245Z 200 GET /assets/images/logo/@logo--sony.svg
2026-06-09T11:37:13.246Z 200 GET /assets/images/logo/@logo--stanford.svg
2026-06-09T11:37:13.247Z 200 GET /assets/images/logo/@logo--awwwards.svg
2026-06-09T11:37:13.247Z 200 GET /assets/images/logo/@logo--nvidia.svg
2026-06-09T11:37:13.248Z 200 GET /assets/images/logo/@logo--akqa.svg
2026-06-09T11:37:13.249Z 200 GET /assets/meta/site.webmanifest
2026-06-09T11:37:13.251Z 200 GET /assets/images/logo/@logo--nexus-studios.svg
2026-06-09T11:37:13.254Z 200 GET /assets/images/cards/back.png
2026-06-09T11:37:13.256Z 200 GET /assets/images/icons/arrow-down.svg
2026-06-09T11:37:13.699Z 200 GET /assets/audios/cinematic_2.ogg
2026-06-09T11:37:13.701Z 200 GET /assets/audios/cinematic_0.ogg
2026-06-09T11:37:13.703Z 200 GET /assets/audios/cinematic_3.ogg
2026-06-09T11:37:13.705Z 200 GET /assets/audios/generic.ogg
2026-06-09T11:37:13.708Z 200 GET /assets/audios/generic_end.ogg
2026-06-09T11:37:13.783Z 200 GET /assets/models/about/logo_text.buf
2026-06-09T11:37:13.785Z 200 GET /assets/textures/about/person_light.webp
2026-06-09T11:37:13.787Z 200 GET /assets/textures/about/person.webp
2026-06-09T11:37:13.788Z 200 GET /assets/textures/about/ground_person_shadow.webp
2026-06-09T11:37:13.792Z 200 GET /assets/textures/about/terrain_shadow_light_height.webp
2026-06-09T11:37:13.796Z 200 GET /assets/textures/smaa-search.png
2026-06-09T11:37:13.797Z 200 GET /assets/textures/smaa-area.png
2026-06-09T11:37:13.800Z 200 GET /assets/textures/LDR_RGB1_0.png
2026-06-09T11:37:13.912Z 200 GET /assets/team/team.json
2026-06-09T11:37:13.966Z 200 GET /assets/textures/font.png
2026-06-09T11:37:13.968Z 200 GET /assets/team/edan.buf
2026-06-09T11:37:13.970Z 200 GET /assets/models/about/camera_spline.buf
2026-06-09T11:37:13.971Z 200 GET /assets/models/about/sphere_m.buf
2026-06-09T11:37:13.988Z 200 GET /assets/models/about/sphere_s.buf
2026-06-09T11:37:13.990Z 200 GET /assets/models/about/sphere_xs.buf
2026-06-09T11:37:13.998Z 200 GET /assets/textures/about/rocks.webp
2026-06-09T11:37:14.002Z 200 GET /assets/models/about/rock_0.buf
2026-06-09T11:37:14.004Z 200 GET /assets/models/about/rock_0_low.buf
2026-06-09T11:37:14.006Z 200 GET /assets/models/about/rock_animation_0.buf
2026-06-09T11:37:14.014Z 200 GET /assets/models/about/rock_1.buf
2026-06-09T11:37:14.015Z 200 GET /assets/models/about/rock_1_low.buf
2026-06-09T11:37:14.017Z 200 GET /assets/models/about/rock_animation_1.buf
2026-06-09T11:37:14.054Z 200 GET /assets/models/about/rock_2.buf
2026-06-09T11:37:14.056Z 200 GET /assets/models/about/rock_2_low.buf
2026-06-09T11:37:14.058Z 200 GET /assets/models/about/rock_animation_2.buf
2026-06-09T11:37:14.065Z 200 GET /assets/models/about/rock_3.buf
2026-06-09T11:37:14.067Z 200 GET /assets/models/about/rock_3_low.buf
2026-06-09T11:37:14.069Z 200 GET /assets/models/about/rock_animation_3.buf
2026-06-09T11:37:14.074Z 200 GET /assets/models/about/terrain.buf
2026-06-09T11:37:14.077Z 200 GET /assets/models/about/terrain_lines.buf
2026-06-09T11:37:14.080Z 200 GET /assets/models/about/person.buf
2026-06-09T11:37:14.084Z 200 GET /assets/models/about/person_idle.buf
2026-06-09T11:37:14.090Z 200 GET /assets/textures/about/fog.png
2026-06-09T11:37:14.101Z 200 GET /assets/models/about/bg_box.buf
2026-06-09T11:37:14.103Z 200 GET /assets/models/about/letter_placements.buf
2026-06-09T11:37:14.108Z 200 GET /assets/models/lines/line_capability.buf
2026-06-09T11:37:14.108Z 200 GET /assets/textures/award_gradient.png
2026-06-09T11:37:14.109Z 200 GET /assets/models/lines/line_office.buf
2026-06-09T11:37:14.112Z 200 GET /assets/textures/flip_texture.png
2026-06-09T11:37:14.114Z 200 GET /assets/audios/hover_0.ogg
2026-06-09T11:37:14.115Z 200 GET /assets/audios/click_0.ogg
2026-06-09T11:37:14.117Z 200 GET /assets/audios/focus_0.ogg
2026-06-09T11:37:14.136Z 200 GET /assets/audios/glass_broken.ogg
2026-06-09T11:37:14.137Z 200 GET /assets/audios/page_0.ogg
2026-06-09T11:37:14.141Z 200 GET /assets/audios/page_1.ogg
2026-06-09T11:37:14.173Z 200 GET /assets/audios/focus_1.ogg
2026-06-09T11:37:14.176Z 200 GET /assets/audios/focus_2.ogg
2026-06-09T11:37:14.181Z 200 GET /assets/audios/hover_1.ogg
2026-06-09T11:37:14.182Z 200 GET /assets/audios/click_1.ogg
2026-06-09T11:37:14.195Z 200 GET /assets/audios/hover_2.ogg
2026-06-09T11:37:14.205Z 200 GET /assets/meta/favicon.ico
2026-06-09T11:38:47.699Z 200 GET /about/?fresh=local-fix-10-headless
2026-06-09T11:38:47.722Z 200 GET /_astro/about.CNa9RfUh.css?v=local-fix-10
2026-06-09T11:38:47.727Z 200 GET /assets/images/logo/@logo--cocacola.svg
2026-06-09T11:38:47.728Z 200 GET /assets/images/logo/@logo--maxmara.svg
2026-06-09T11:38:47.729Z 200 GET /_astro/hoisted.CJiXW_YI.js?v=local-fix-10
2026-06-09T11:38:47.731Z 200 GET /assets/images/logo/@logo--calvin-klein.svg
2026-06-09T11:38:47.733Z 200 GET /assets/images/logo/@logo--wallpaper.svg
2026-06-09T11:38:47.734Z 200 GET /assets/images/logo/@logo--porsche.svg
2026-06-09T11:38:47.735Z 200 GET /assets/images/logo/@logo--hyundai.svg
2026-06-09T11:38:47.740Z 200 GET /assets/images/logo/@logo--apple.svg
2026-06-09T11:38:47.741Z 200 GET /assets/images/logo/@logo--google.svg
2026-06-09T11:38:47.742Z 200 GET /assets/images/logo/@logo--webby-awards.svg
2026-06-09T11:38:47.743Z 200 GET /assets/images/logo/@logo--sony.svg
2026-06-09T11:38:47.744Z 200 GET /assets/images/logo/@logo--stanford.svg
2026-06-09T11:38:47.745Z 200 GET /assets/images/logo/@logo--awwwards.svg
2026-06-09T11:38:47.747Z 200 GET /assets/images/logo/@logo--nvidia.svg
2026-06-09T11:38:47.748Z 200 GET /assets/images/logo/@logo--akqa.svg
2026-06-09T11:38:47.749Z 200 GET /assets/meta/site.webmanifest
2026-06-09T11:38:47.750Z 200 GET /assets/images/logo/@logo--nexus-studios.svg
2026-06-09T11:38:47.752Z 200 GET /assets/images/cards/back.png
2026-06-09T11:38:47.753Z 200 GET /assets/images/icons/arrow-down.svg
2026-06-09T11:38:48.282Z 200 GET /assets/audios/cinematic_2.ogg
2026-06-09T11:38:48.284Z 200 GET /assets/audios/cinematic_3.ogg
2026-06-09T11:38:48.285Z 200 GET /assets/audios/generic.ogg
2026-06-09T11:38:48.287Z 200 GET /assets/audios/cinematic_0.ogg
2026-06-09T11:38:48.290Z 200 GET /assets/audios/generic_end.ogg
2026-06-09T11:38:48.360Z 200 GET /assets/models/about/logo_text.buf
2026-06-09T11:38:48.363Z 200 GET /assets/textures/about/terrain_shadow_light_height.webp
2026-06-09T11:38:48.366Z 200 GET /assets/textures/about/person.webp
2026-06-09T11:38:48.367Z 200 GET /assets/textures/about/person_light.webp
2026-06-09T11:38:48.369Z 200 GET /assets/textures/about/ground_person_shadow.webp
2026-06-09T11:38:48.372Z 200 GET /assets/textures/smaa-search.png
2026-06-09T11:38:48.379Z 200 GET /assets/textures/smaa-area.png
2026-06-09T11:38:48.381Z 200 GET /assets/textures/LDR_RGB1_0.png
2026-06-09T11:38:48.487Z 200 GET /assets/team/team.json
2026-06-09T11:38:48.534Z 200 GET /assets/textures/font.png
2026-06-09T11:38:48.535Z 200 GET /assets/models/about/camera_spline.buf
2026-06-09T11:38:48.536Z 200 GET /assets/team/edan.buf
2026-06-09T11:38:48.540Z 200 GET /assets/models/about/sphere_m.buf
2026-06-09T11:38:48.550Z 200 GET /assets/models/about/sphere_s.buf
2026-06-09T11:38:48.557Z 200 GET /assets/models/about/sphere_xs.buf
2026-06-09T11:38:48.559Z 200 GET /assets/textures/about/rocks.webp
2026-06-09T11:38:48.570Z 200 GET /assets/models/about/rock_0.buf
2026-06-09T11:38:48.572Z 200 GET /assets/models/about/rock_0_low.buf
2026-06-09T11:38:48.573Z 200 GET /assets/models/about/rock_animation_0.buf
2026-06-09T11:38:48.612Z 200 GET /assets/models/about/rock_1.buf
2026-06-09T11:38:48.614Z 200 GET /assets/models/about/rock_1_low.buf
2026-06-09T11:38:48.615Z 200 GET /assets/models/about/rock_animation_1.buf
2026-06-09T11:38:48.619Z 200 GET /assets/models/about/rock_2.buf
2026-06-09T11:38:48.626Z 200 GET /assets/models/about/rock_2_low.buf
2026-06-09T11:38:48.627Z 200 GET /assets/models/about/rock_animation_2.buf
2026-06-09T11:38:48.629Z 200 GET /assets/models/about/rock_3.buf
2026-06-09T11:38:48.635Z 200 GET /assets/models/about/rock_3_low.buf
2026-06-09T11:38:48.638Z 200 GET /assets/models/about/rock_animation_3.buf
2026-06-09T11:38:48.639Z 200 GET /assets/models/about/terrain.buf
2026-06-09T11:38:48.642Z 200 GET /assets/models/about/terrain_lines.buf
2026-06-09T11:38:48.644Z 200 GET /assets/models/about/person.buf
2026-06-09T11:38:48.645Z 200 GET /assets/models/about/person_idle.buf
2026-06-09T11:38:48.650Z 200 GET /assets/textures/about/fog.png
2026-06-09T11:38:48.660Z 200 GET /assets/models/about/bg_box.buf
2026-06-09T11:38:48.663Z 200 GET /assets/models/about/letter_placements.buf
2026-06-09T11:38:48.666Z 200 GET /assets/textures/award_gradient.png
2026-06-09T11:38:48.672Z 200 GET /assets/models/lines/line_capability.buf
2026-06-09T11:38:48.673Z 200 GET /assets/models/lines/line_office.buf
2026-06-09T11:38:48.675Z 200 GET /assets/textures/flip_texture.png
2026-06-09T11:38:48.678Z 200 GET /assets/audios/hover_0.ogg
2026-06-09T11:38:48.680Z 200 GET /assets/audios/focus_0.ogg
2026-06-09T11:38:48.681Z 200 GET /assets/audios/click_0.ogg
2026-06-09T11:38:48.682Z 200 GET /assets/audios/glass_broken.ogg
2026-06-09T11:38:48.704Z 200 GET /assets/audios/page_0.ogg
2026-06-09T11:38:48.706Z 200 GET /assets/audios/page_1.ogg
2026-06-09T11:38:48.707Z 200 GET /assets/audios/focus_2.ogg
2026-06-09T11:38:48.708Z 200 GET /assets/audios/focus_1.ogg
2026-06-09T11:38:48.747Z 200 GET /assets/audios/click_1.ogg
2026-06-09T11:38:48.748Z 200 GET /assets/audios/hover_1.ogg
2026-06-09T11:38:48.748Z 200 GET /assets/audios/hover_2.ogg
2026-06-09T11:38:48.761Z 200 GET /assets/meta/favicon.ico
2026-06-09T11:40:00.645Z 200 GET /about/?fresh=local-fix-11-headless
2026-06-09T11:40:00.660Z 200 GET /_astro/about.CNa9RfUh.css?v=local-fix-11
2026-06-09T11:40:00.663Z 200 GET /assets/images/logo/@logo--cocacola.svg
2026-06-09T11:40:00.665Z 200 GET /assets/images/logo/@logo--maxmara.svg
2026-06-09T11:40:00.666Z 200 GET /_astro/hoisted.CJiXW_YI.js?v=local-fix-11
2026-06-09T11:40:00.669Z 200 GET /assets/images/logo/@logo--calvin-klein.svg
2026-06-09T11:40:00.672Z 200 GET /assets/images/logo/@logo--porsche.svg
2026-06-09T11:40:00.673Z 200 GET /assets/images/logo/@logo--wallpaper.svg
2026-06-09T11:40:00.674Z 200 GET /assets/images/logo/@logo--hyundai.svg
2026-06-09T11:40:00.677Z 200 GET /assets/images/logo/@logo--google.svg
2026-06-09T11:40:00.677Z 200 GET /assets/images/logo/@logo--webby-awards.svg
2026-06-09T11:40:00.678Z 200 GET /assets/images/logo/@logo--apple.svg
2026-06-09T11:40:00.679Z 200 GET /assets/images/logo/@logo--sony.svg
2026-06-09T11:40:00.680Z 200 GET /assets/images/logo/@logo--awwwards.svg
2026-06-09T11:40:00.681Z 200 GET /assets/images/logo/@logo--stanford.svg
2026-06-09T11:40:00.682Z 200 GET /assets/images/logo/@logo--nvidia.svg
2026-06-09T11:40:00.683Z 200 GET /assets/images/logo/@logo--akqa.svg
2026-06-09T11:40:00.686Z 200 GET /assets/meta/site.webmanifest
2026-06-09T11:40:00.686Z 200 GET /assets/images/logo/@logo--nexus-studios.svg
2026-06-09T11:40:00.713Z 200 GET /assets/images/cards/back.png
2026-06-09T11:40:00.714Z 200 GET /assets/images/icons/arrow-down.svg
2026-06-09T11:40:01.268Z 200 GET /assets/audios/cinematic_2.ogg
2026-06-09T11:40:01.269Z 200 GET /assets/audios/cinematic_0.ogg
2026-06-09T11:40:01.271Z 200 GET /assets/audios/generic.ogg
2026-06-09T11:40:01.272Z 200 GET /assets/audios/cinematic_3.ogg
2026-06-09T11:40:01.274Z 200 GET /assets/audios/generic_end.ogg
2026-06-09T11:40:01.364Z 200 GET /assets/models/about/logo_text.buf
2026-06-09T11:40:01.374Z 200 GET /assets/textures/about/person.webp
2026-06-09T11:40:01.376Z 200 GET /assets/textures/about/person_light.webp
2026-06-09T11:40:01.377Z 200 GET /assets/textures/about/ground_person_shadow.webp
2026-06-09T11:40:01.381Z 200 GET /assets/textures/about/terrain_shadow_light_height.webp
2026-06-09T11:40:01.383Z 200 GET /assets/textures/smaa-search.png
2026-06-09T11:40:01.385Z 200 GET /assets/textures/smaa-area.png
2026-06-09T11:40:01.387Z 200 GET /assets/textures/LDR_RGB1_0.png
2026-06-09T11:40:01.487Z 200 GET /assets/team/team.json
2026-06-09T11:40:01.529Z 200 GET /assets/team/edan.buf
2026-06-09T11:40:01.530Z 200 GET /assets/textures/font.png
2026-06-09T11:40:01.532Z 200 GET /assets/models/about/camera_spline.buf
2026-06-09T11:40:01.534Z 200 GET /assets/models/about/sphere_m.buf
2026-06-09T11:40:01.548Z 200 GET /assets/models/about/sphere_s.buf
2026-06-09T11:40:01.553Z 200 GET /assets/models/about/sphere_xs.buf
2026-06-09T11:40:01.554Z 200 GET /assets/textures/about/rocks.webp
2026-06-09T11:40:01.560Z 200 GET /assets/models/about/rock_0.buf
2026-06-09T11:40:01.561Z 200 GET /assets/models/about/rock_0_low.buf
2026-06-09T11:40:01.565Z 200 GET /assets/models/about/rock_animation_0.buf
2026-06-09T11:40:01.605Z 200 GET /assets/models/about/rock_1.buf
2026-06-09T11:40:01.608Z 200 GET /assets/models/about/rock_1_low.buf
2026-06-09T11:40:01.610Z 200 GET /assets/models/about/rock_animation_1.buf
2026-06-09T11:40:01.612Z 200 GET /assets/models/about/rock_2.buf
2026-06-09T11:40:01.619Z 200 GET /assets/models/about/rock_2_low.buf
2026-06-09T11:40:01.622Z 200 GET /assets/models/about/rock_animation_2.buf
2026-06-09T11:40:01.624Z 200 GET /assets/models/about/rock_3.buf
2026-06-09T11:40:01.625Z 200 GET /assets/models/about/rock_3_low.buf
2026-06-09T11:40:01.630Z 200 GET /assets/models/about/rock_animation_3.buf
2026-06-09T11:40:01.632Z 200 GET /assets/models/about/terrain.buf
2026-06-09T11:40:01.638Z 200 GET /assets/models/about/terrain_lines.buf
2026-06-09T11:40:01.639Z 200 GET /assets/models/about/person.buf
2026-06-09T11:40:01.659Z 200 GET /assets/models/about/person_idle.buf
2026-06-09T11:40:01.671Z 200 GET /assets/textures/about/fog.png
2026-06-09T11:40:01.678Z 200 GET /assets/models/about/bg_box.buf
2026-06-09T11:40:01.722Z 200 GET /assets/models/about/letter_placements.buf
2026-06-09T11:40:01.725Z 200 GET /assets/textures/award_gradient.png
2026-06-09T11:40:01.727Z 200 GET /assets/models/lines/line_capability.buf
2026-06-09T11:40:01.733Z 200 GET /assets/models/lines/line_office.buf
2026-06-09T11:40:01.743Z 200 GET /assets/meta/favicon.ico
2026-06-09T11:40:01.747Z 200 GET /assets/textures/flip_texture.png
2026-06-09T11:40:01.750Z 200 GET /assets/audios/hover_0.ogg
2026-06-09T11:40:01.755Z 200 GET /assets/audios/click_0.ogg
2026-06-09T11:40:01.760Z 200 GET /assets/audios/focus_0.ogg
2026-06-09T11:40:01.760Z 200 GET /assets/audios/glass_broken.ogg
2026-06-09T11:40:01.769Z 200 GET /assets/audios/page_0.ogg
2026-06-09T11:40:01.770Z 200 GET /assets/audios/page_1.ogg
2026-06-09T11:40:01.774Z 200 GET /assets/audios/focus_1.ogg
2026-06-09T11:40:01.775Z 200 GET /assets/audios/focus_2.ogg
2026-06-09T11:40:01.778Z 200 GET /assets/audios/click_1.ogg
2026-06-09T11:40:01.778Z 200 GET /assets/audios/hover_1.ogg
2026-06-09T11:40:01.781Z 200 GET /assets/audios/hover_2.ogg
2026-06-09T11:40:02.225Z 200 GET /assets/team/ffi.buf
2026-06-09T11:40:02.232Z 200 GET /assets/team/marcolp.buf
2026-06-09T11:40:02.234Z 200 GET /assets/team/andrii.buf
2026-06-09T11:40:02.235Z 200 GET /assets/team/paul.buf
2026-06-09T11:40:02.237Z 200 GET /assets/team/luana.buf
2026-06-09T11:40:02.238Z 200 GET /assets/team/sunny.buf
2026-06-09T11:41:17.634Z 200 GET /about/?fresh=local-fix-11
2026-06-09T11:41:17.808Z 200 GET /_astro/about.CNa9RfUh.css?v=local-fix-11
2026-06-09T11:41:18.073Z 200 GET /assets/images/logo/@logo--cocacola.svg
2026-06-09T11:41:18.313Z 200 GET /assets/images/logo/@logo--calvin-klein.svg
2026-06-09T11:41:18.383Z 200 GET /assets/images/logo/@logo--maxmara.svg
2026-06-09T11:41:18.565Z 200 GET /assets/images/logo/@logo--porsche.svg
2026-06-09T11:41:19.960Z 200 GET /assets/images/logo/@logo--wallpaper.svg
2026-06-09T11:41:19.962Z 200 GET /assets/meta/site.webmanifest
2026-06-09T11:41:20.060Z 200 GET /assets/images/logo/@logo--apple.svg
2026-06-09T11:41:20.081Z 200 GET /assets/images/logo/@logo--google.svg
2026-06-09T11:41:20.404Z 200 GET /_astro/hoisted.CJiXW_YI.js?v=local-fix-11
2026-06-09T11:41:20.407Z 200 GET /assets/images/logo/@logo--hyundai.svg
2026-06-09T11:41:21.190Z 200 GET /assets/images/logo/@logo--webby-awards.svg
2026-06-09T11:41:21.192Z 200 GET /assets/images/logo/@logo--stanford.svg
2026-06-09T11:41:21.194Z 200 GET /assets/images/logo/@logo--awwwards.svg
2026-06-09T11:41:21.195Z 200 GET /assets/images/logo/@logo--nvidia.svg
2026-06-09T11:41:21.298Z 200 GET /assets/images/logo/@logo--akqa.svg
2026-06-09T11:41:21.300Z 200 GET /assets/images/logo/@logo--sony.svg
2026-06-09T11:41:21.933Z 200 GET /assets/audios/cinematic_2.ogg
2026-06-09T11:41:21.935Z 200 GET /assets/audios/generic.ogg
2026-06-09T11:41:22.206Z 200 GET /assets/audios/cinematic_0.ogg
2026-06-09T11:41:22.407Z 200 GET /assets/audios/cinematic_3.ogg
2026-06-09T11:41:22.409Z 200 GET /assets/audios/generic_end.ogg
2026-06-09T11:41:22.568Z 200 GET /assets/models/about/logo_text.buf
2026-06-09T11:41:22.718Z 200 GET /assets/images/logo/@logo--nexus-studios.svg
2026-06-09T11:41:22.893Z 200 GET /assets/images/cards/back.png
2026-06-09T11:41:22.912Z 200 GET /assets/textures/about/person_light.webp
2026-06-09T11:41:22.915Z 200 GET /assets/images/icons/arrow-down.svg
2026-06-09T11:41:23.130Z 200 GET /assets/textures/about/terrain_shadow_light_height.webp
2026-06-09T11:41:23.403Z 200 GET /assets/team/team.json
2026-06-09T11:41:23.449Z 200 GET /assets/textures/about/person.webp
2026-06-09T11:41:23.463Z 200 GET /assets/team/edan.buf
2026-06-09T11:41:23.481Z 200 GET /assets/models/about/camera_spline.buf
2026-06-09T11:41:23.586Z 200 GET /assets/textures/about/ground_person_shadow.webp
2026-06-09T11:41:23.826Z 200 GET /assets/textures/smaa-search.png
2026-06-09T11:41:23.844Z 200 GET /assets/textures/smaa-area.png
2026-06-09T11:41:23.846Z 200 GET /assets/models/about/sphere_l.buf
2026-06-09T11:41:23.847Z 200 GET /assets/models/about/sphere_m.buf
2026-06-09T11:41:23.852Z 200 GET /assets/textures/LDR_RGB1_0.png
2026-06-09T11:41:24.006Z 200 GET /assets/models/about/sphere_s.buf
2026-06-09T11:41:24.086Z 200 GET /assets/textures/font.png
2026-06-09T11:41:24.201Z 200 GET /assets/models/about/sphere_xs.buf
2026-06-09T11:41:24.330Z 200 GET /assets/textures/about/rocks.webp
2026-06-09T11:41:24.363Z 200 GET /assets/models/about/rock_0.buf
2026-06-09T11:41:24.402Z 200 GET /assets/models/about/rock_0_low.buf
2026-06-09T11:41:24.572Z 200 GET /assets/models/about/rock_animation_0.buf
2026-06-09T11:41:24.576Z 200 GET /assets/models/about/rock_1.buf
2026-06-09T11:41:24.577Z 200 GET /assets/models/about/rock_animation_1.buf
2026-06-09T11:41:24.744Z 200 GET /assets/models/about/rock_1_low.buf
2026-06-09T11:41:24.879Z 200 GET /assets/models/about/rock_2.buf
2026-06-09T11:41:24.907Z 200 GET /assets/models/about/rock_2_low.buf
2026-06-09T11:41:24.924Z 200 GET /assets/models/about/rock_animation_2.buf
2026-06-09T11:41:25.019Z 200 GET /assets/models/about/rock_3.buf
2026-06-09T11:41:25.114Z 200 GET /assets/models/about/rock_3_low.buf
2026-06-09T11:41:25.283Z 200 GET /assets/models/about/rock_animation_3.buf
2026-06-09T11:41:25.288Z 200 GET /assets/models/about/terrain.buf
2026-06-09T11:41:25.427Z 200 GET /assets/models/about/terrain_lines.buf
2026-06-09T11:41:25.447Z 200 GET /assets/models/about/person.buf
2026-06-09T11:41:25.545Z 200 GET /assets/models/about/person_idle.buf
2026-06-09T11:41:25.672Z 200 GET /assets/textures/about/fog.png
2026-06-09T11:41:25.794Z 200 GET /assets/models/about/bg_box.buf
2026-06-09T11:41:25.805Z 200 GET /assets/models/about/letter_placements.buf
2026-06-09T11:41:25.923Z 200 GET /assets/textures/award_gradient.png
2026-06-09T11:41:26.004Z 200 GET /assets/models/lines/line_capability.buf
2026-06-09T11:41:26.160Z 200 GET /assets/models/lines/line_office.buf
2026-06-09T11:41:26.243Z 200 GET /assets/textures/flip_texture.png
2026-06-09T11:41:26.313Z 200 GET /assets/audios/hover_0.ogg
2026-06-09T11:41:26.361Z 200 GET /assets/audios/click_0.ogg
2026-06-09T11:41:26.723Z 200 GET /assets/audios/focus_0.ogg
2026-06-09T11:41:26.880Z 200 GET /assets/audios/glass_broken.ogg
2026-06-09T11:41:27.193Z 200 GET /assets/audios/page_0.ogg
2026-06-09T11:41:27.245Z 200 GET /assets/audios/page_1.ogg
2026-06-09T11:41:27.438Z 200 GET /assets/audios/focus_1.ogg
2026-06-09T11:41:27.659Z 200 GET /assets/audios/focus_2.ogg
2026-06-09T11:41:27.933Z 200 GET /assets/audios/click_1.ogg
2026-06-09T11:41:27.960Z 200 GET /assets/audios/hover_1.ogg
2026-06-09T11:41:28.061Z 200 GET /assets/audios/hover_2.ogg
2026-06-09T11:41:28.160Z 200 GET /assets/team/ffi.buf
2026-06-09T11:41:28.320Z 200 GET /assets/team/paul.buf
2026-06-09T11:41:28.364Z 200 GET /assets/team/andrii.buf
2026-06-09T11:41:28.414Z 200 GET /assets/team/sunny.buf
2026-06-09T11:41:28.467Z 200 GET /assets/team/luana.buf
2026-06-09T11:41:28.468Z 200 GET /assets/team/marcolp.buf
2026-06-09T11:44:02.494Z 200 GET /about/?fresh=local-fix-12
2026-06-09T11:44:02.601Z 200 GET /_astro/about.CNa9RfUh.css?v=local-fix-12
2026-06-09T11:44:02.999Z 200 GET /assets/images/logo/@logo--cocacola.svg
2026-06-09T11:44:03.000Z 200 GET /assets/images/logo/@logo--maxmara.svg
2026-06-09T11:44:03.001Z 200 GET /assets/images/logo/@logo--porsche.svg
2026-06-09T11:44:03.341Z 200 GET /assets/images/logo/@logo--calvin-klein.svg
2026-06-09T11:44:03.505Z 200 GET /_astro/hoisted.CJiXW_YI.js?v=local-fix-12
2026-06-09T11:44:03.535Z 200 GET /assets/images/logo/@logo--wallpaper.svg
2026-06-09T11:44:03.536Z 200 GET /assets/images/logo/@logo--hyundai.svg
2026-06-09T11:44:03.561Z 200 GET /assets/images/logo/@logo--google.svg
2026-06-09T11:44:03.728Z 200 GET /assets/meta/site.webmanifest
2026-06-09T11:44:03.881Z 200 GET /assets/images/logo/@logo--apple.svg
2026-06-09T11:44:04.091Z 200 GET /assets/images/logo/@logo--webby-awards.svg
2026-06-09T11:44:04.197Z 200 GET /assets/images/logo/@logo--sony.svg
2026-06-09T11:44:04.200Z 200 GET /assets/images/logo/@logo--stanford.svg
2026-06-09T11:44:04.202Z 200 GET /assets/images/logo/@logo--awwwards.svg
2026-06-09T11:44:04.308Z 200 GET /assets/audios/cinematic_0.ogg
2026-06-09T11:44:04.352Z 200 GET /assets/audios/generic.ogg
2026-06-09T11:44:04.407Z 200 GET /assets/audios/cinematic_2.ogg
2026-06-09T11:44:04.431Z 200 GET /assets/audios/generic_end.ogg
2026-06-09T11:44:04.492Z 200 GET /assets/audios/cinematic_3.ogg
2026-06-09T11:44:04.512Z 200 GET /assets/models/about/logo_text.buf
2026-06-09T11:44:04.519Z 200 GET /assets/images/logo/@logo--nvidia.svg
2026-06-09T11:44:04.521Z 200 GET /assets/images/logo/@logo--akqa.svg
2026-06-09T11:44:04.542Z 200 GET /assets/images/logo/@logo--nexus-studios.svg
2026-06-09T11:44:04.603Z 200 GET /assets/images/cards/back.png
2026-06-09T11:44:04.673Z 200 GET /assets/images/icons/arrow-down.svg
2026-06-09T11:44:04.675Z 200 GET /assets/textures/about/person_light.webp
2026-06-09T11:44:04.676Z 200 GET /assets/team/team.json
2026-06-09T11:44:04.737Z 200 GET /assets/textures/about/terrain_shadow_light_height.webp
2026-06-09T11:44:04.786Z 200 GET /assets/textures/about/person.webp
2026-06-09T11:44:04.816Z 200 GET /assets/textures/about/ground_person_shadow.webp
2026-06-09T11:44:04.856Z 200 GET /assets/textures/smaa-area.png
2026-06-09T11:44:04.877Z 200 GET /assets/textures/smaa-search.png
2026-06-09T11:44:04.910Z 200 GET /assets/textures/LDR_RGB1_0.png
2026-06-09T11:44:04.912Z 200 GET /assets/team/edan.buf
2026-06-09T11:44:04.991Z 200 GET /assets/textures/font.png
2026-06-09T11:44:04.999Z 200 GET /assets/models/about/camera_spline.buf
2026-06-09T11:44:05.149Z 200 GET /assets/models/about/sphere_l.buf
2026-06-09T11:44:05.151Z 200 GET /assets/models/about/sphere_m.buf
2026-06-09T11:44:05.156Z 200 GET /assets/models/about/sphere_s.buf
2026-06-09T11:44:05.253Z 200 GET /assets/models/about/sphere_xs.buf
2026-06-09T11:44:05.255Z 200 GET /assets/textures/about/rocks.webp
2026-06-09T11:44:05.282Z 200 GET /assets/models/about/rock_0.buf
2026-06-09T11:44:05.284Z 200 GET /assets/models/about/rock_0_low.buf
2026-06-09T11:44:05.308Z 200 GET /assets/models/about/rock_animation_0.buf
2026-06-09T11:44:05.442Z 200 GET /assets/models/about/rock_1_low.buf
2026-06-09T11:44:05.455Z 200 GET /assets/models/about/rock_animation_1.buf
2026-06-09T11:44:05.466Z 200 GET /assets/models/about/rock_2.buf
2026-06-09T11:44:05.472Z 200 GET /assets/models/about/rock_1.buf
2026-06-09T11:44:05.496Z 200 GET /assets/models/about/rock_2_low.buf
2026-06-09T11:44:05.512Z 200 GET /assets/models/about/rock_animation_2.buf
2026-06-09T11:44:05.519Z 200 GET /assets/models/about/rock_3.buf
2026-06-09T11:44:05.559Z 200 GET /assets/models/about/rock_3_low.buf
2026-06-09T11:44:05.806Z 200 GET /assets/models/about/rock_animation_3.buf
2026-06-09T11:44:05.816Z 200 GET /assets/models/about/terrain.buf
2026-06-09T11:44:05.838Z 200 GET /assets/models/about/terrain_lines.buf
2026-06-09T11:44:05.922Z 200 GET /assets/models/about/person.buf
2026-06-09T11:44:05.941Z 200 GET /assets/models/about/person_idle.buf
2026-06-09T11:44:05.956Z 200 GET /assets/models/about/bg_box.buf
2026-06-09T11:44:05.963Z 200 GET /assets/textures/about/fog.png
2026-06-09T11:44:05.973Z 200 GET /assets/models/about/letter_placements.buf
2026-06-09T11:44:06.104Z 200 GET /assets/textures/award_gradient.png
2026-06-09T11:44:06.105Z 200 GET /assets/models/lines/line_capability.buf
2026-06-09T11:44:06.105Z 200 GET /assets/models/lines/line_office.buf
2026-06-09T11:44:06.163Z 200 GET /assets/textures/flip_texture.png
2026-06-09T11:44:06.257Z 200 GET /assets/audios/hover_0.ogg
2026-06-09T11:44:06.280Z 200 GET /assets/audios/focus_0.ogg
2026-06-09T11:44:06.289Z 200 GET /assets/audios/click_0.ogg
2026-06-09T11:44:06.311Z 200 GET /assets/audios/glass_broken.ogg
2026-06-09T11:44:06.400Z 200 GET /assets/audios/page_0.ogg
2026-06-09T11:44:06.417Z 200 GET /assets/audios/page_1.ogg
2026-06-09T11:44:06.436Z 200 GET /assets/audios/focus_2.ogg
2026-06-09T11:44:06.453Z 200 GET /assets/audios/focus_1.ogg
2026-06-09T11:44:06.508Z 200 GET /assets/audios/click_1.ogg
2026-06-09T11:44:06.560Z 200 GET /assets/audios/hover_1.ogg
2026-06-09T11:44:06.572Z 200 GET /assets/audios/hover_2.ogg
2026-06-09T11:44:06.702Z 200 GET /assets/team/marcolp.buf
2026-06-09T11:44:06.711Z 200 GET /assets/team/andrii.buf
2026-06-09T11:44:06.727Z 200 GET /assets/team/paul.buf
2026-06-09T11:44:06.864Z 200 GET /assets/team/luana.buf
2026-06-09T11:44:06.865Z 200 GET /assets/team/sunny.buf
2026-06-09T11:44:06.881Z 200 GET /assets/team/ffi.buf
2026-06-09T11:46:13.503Z 200 GET /assets/audios/cinematic_0.ogg
2026-06-09T11:46:13.720Z 200 GET /assets/audios/cinematic_3.ogg
2026-06-09T11:46:13.918Z 200 GET /assets/audios/cinematic_2.ogg
2026-06-09T11:46:14.111Z 200 GET /assets/audios/generic.ogg
2026-06-09T11:46:14.286Z 200 GET /assets/audios/generic_end.ogg
2026-06-09T11:46:14.500Z 200 GET /assets/meta/apple-touch-icon.png
2026-06-09T11:46:59.211Z 200 GET /_astro/about.CNa9RfUh.css?v=local-fix-12
2026-06-09T11:47:00.082Z 200 GET /about/?fresh=local-fix-12
2026-06-09T11:49:31.173Z 200 GET /
2026-06-09T11:49:31.227Z 404 GET /about?fresh=local-fix-12
2026-06-09T11:49:31.229Z 404 GET /about
2026-06-09T11:49:31.232Z 404 GET /about?v=5
2026-06-09T11:49:31.324Z 200 GET /about/?fresh=local-fix-12
2026-06-09T11:49:31.519Z 200 GET /_astro/about.CNa9RfUh.css?v=local-fix-12
2026-06-09T11:49:31.527Z 200 GET /assets/images/logo/@logo--cocacola.svg
2026-06-09T11:49:31.531Z 200 GET /_astro/hoisted.CJiXW_YI.js?v=local-fix-12
2026-06-09T11:49:31.546Z 200 GET /assets/images/logo/@logo--maxmara.svg
2026-06-09T11:49:31.549Z 200 GET /assets/images/logo/@logo--calvin-klein.svg
2026-06-09T11:49:31.551Z 200 GET /assets/images/logo/@logo--porsche.svg
2026-06-09T11:49:31.563Z 200 GET /assets/images/logo/@logo--hyundai.svg
2026-06-09T11:49:31.582Z 200 GET /assets/images/logo/@logo--wallpaper.svg
2026-06-09T11:49:31.591Z 200 GET /assets/images/logo/@logo--apple.svg
2026-06-09T11:49:31.596Z 200 GET /assets/images/logo/@logo--google.svg
2026-06-09T11:49:31.597Z 200 GET /assets/images/logo/@logo--stanford.svg
2026-06-09T11:49:31.599Z 200 GET /assets/images/logo/@logo--webby-awards.svg
2026-06-09T11:49:31.602Z 200 GET /assets/images/logo/@logo--awwwards.svg
2026-06-09T11:49:31.603Z 200 GET /assets/images/logo/@logo--sony.svg
2026-06-09T11:49:31.610Z 200 GET /assets/images/logo/@logo--nvidia.svg
2026-06-09T11:49:31.613Z 200 GET /assets/images/logo/@logo--akqa.svg
2026-06-09T11:49:31.617Z 200 GET /assets/images/logo/@logo--nexus-studios.svg
2026-06-09T11:49:31.651Z 200 GET /assets/images/cards/back.png
2026-06-09T11:49:31.657Z 200 GET /assets/images/icons/arrow-down.svg
2026-06-09T11:49:32.762Z 200 GET /assets/audios/generic.ogg
2026-06-09T11:49:32.764Z 200 GET /assets/audios/cinematic_0.ogg
2026-06-09T11:49:32.766Z 200 GET /assets/audios/cinematic_2.ogg
2026-06-09T11:49:32.781Z 200 GET /assets/audios/cinematic_3.ogg
2026-06-09T11:49:32.786Z 200 GET /assets/audios/generic_end.ogg
2026-06-09T11:49:32.928Z 200 GET /assets/models/about/logo_text.buf
2026-06-09T11:49:32.935Z 200 GET /assets/textures/about/person_light.webp
2026-06-09T11:49:32.938Z 200 GET /assets/textures/smaa-search.png
2026-06-09T11:49:32.941Z 200 GET /assets/textures/about/ground_person_shadow.webp
2026-06-09T11:49:32.943Z 200 GET /assets/textures/about/terrain_shadow_light_height.webp
2026-06-09T11:49:32.949Z 200 GET /assets/textures/about/person.webp
2026-06-09T11:49:32.955Z 200 GET /assets/textures/smaa-area.png
2026-06-09T11:49:32.971Z 200 GET /assets/textures/LDR_RGB1_0.png
2026-06-09T11:49:33.181Z 200 GET /assets/team/team.json
2026-06-09T11:49:33.200Z 200 GET /assets/team/edan.buf
2026-06-09T11:49:33.307Z 200 GET /assets/textures/font.png
2026-06-09T11:49:33.314Z 200 GET /assets/models/about/camera_spline.buf
2026-06-09T11:49:33.319Z 200 GET /assets/models/about/sphere_l.buf
2026-06-09T11:49:33.336Z 200 GET /assets/models/about/sphere_m.buf
2026-06-09T11:49:33.354Z 200 GET /assets/models/about/sphere_xs.buf
2026-06-09T11:49:33.357Z 200 GET /assets/models/about/sphere_s.buf
2026-06-09T11:49:33.361Z 200 GET /assets/textures/about/rocks.webp
2026-06-09T11:49:33.363Z 200 GET /assets/models/about/rock_0.buf
2026-06-09T11:49:33.443Z 200 GET /assets/models/about/rock_0_low.buf
2026-06-09T11:49:33.451Z 200 GET /assets/models/about/rock_animation_0.buf
2026-06-09T11:49:33.461Z 200 GET /assets/models/about/rock_1.buf
2026-06-09T11:49:33.613Z 200 GET /assets/models/about/rock_1_low.buf
2026-06-09T11:49:33.616Z 200 GET /assets/models/about/rock_animation_1.buf
2026-06-09T11:49:33.619Z 200 GET /assets/models/about/rock_2.buf
2026-06-09T11:49:33.624Z 200 GET /assets/models/about/rock_2_low.buf
2026-06-09T11:49:33.667Z 200 GET /assets/models/about/rock_animation_2.buf
2026-06-09T11:49:33.675Z 200 GET /assets/models/about/rock_3.buf
2026-06-09T11:49:33.699Z 200 GET /assets/models/about/rock_3_low.buf
2026-06-09T11:49:33.702Z 200 GET /assets/models/about/rock_animation_3.buf
2026-06-09T11:49:33.702Z 200 GET /assets/models/about/terrain.buf
2026-06-09T11:49:33.705Z 200 GET /assets/models/about/terrain_lines.buf
2026-06-09T11:49:33.726Z 200 GET /assets/models/about/person_idle.buf
2026-06-09T11:49:33.733Z 200 GET /assets/models/about/person.buf
2026-06-09T11:49:33.754Z 200 GET /assets/textures/about/fog.png
2026-06-09T11:49:33.786Z 200 GET /assets/models/about/bg_box.buf
2026-06-09T11:49:33.788Z 200 GET /assets/models/about/letter_placements.buf
2026-06-09T11:49:33.797Z 200 GET /assets/textures/award_gradient.png
2026-06-09T11:49:33.801Z 200 GET /assets/models/lines/line_office.buf
2026-06-09T11:49:33.803Z 200 GET /assets/models/lines/line_capability.buf
2026-06-09T11:49:33.807Z 200 GET /assets/audios/hover_0.ogg
2026-06-09T11:49:33.814Z 200 GET /assets/textures/flip_texture.png
2026-06-09T11:49:33.817Z 200 GET /assets/audios/click_0.ogg
2026-06-09T11:49:33.819Z 200 GET /assets/audios/focus_0.ogg
2026-06-09T11:49:33.847Z 200 GET /assets/audios/glass_broken.ogg
2026-06-09T11:49:33.851Z 200 GET /assets/audios/page_0.ogg
2026-06-09T11:49:33.852Z 200 GET /assets/audios/page_1.ogg
2026-06-09T11:49:33.856Z 200 GET /assets/audios/focus_1.ogg
2026-06-09T11:49:33.861Z 200 GET /assets/audios/focus_2.ogg
2026-06-09T11:49:33.864Z 200 GET /assets/audios/click_1.ogg
2026-06-09T11:49:33.869Z 200 GET /assets/audios/hover_1.ogg
2026-06-09T11:49:33.872Z 200 GET /assets/audios/hover_2.ogg
2026-06-09T11:49:33.972Z 200 GET /assets/team/ffi.buf
2026-06-09T11:49:33.974Z 200 GET /assets/team/paul.buf
2026-06-09T11:49:33.976Z 200 GET /assets/team/marcolp.buf
2026-06-09T11:49:33.977Z 200 GET /assets/team/andrii.buf
2026-06-09T11:49:33.978Z 200 GET /assets/team/sunny.buf
2026-06-09T11:49:33.993Z 200 GET /assets/team/luana.buf
2026-06-09T11:50:32.470Z 404 GET /projects
